{"numTotalTestSuites":2,"numPassedTestSuites":2,"numFailedTestSuites":0,"numPendingTestSuites":0,"numTotalTests":1,"numPassedTests":1,"numFailedTests":0,"numPendingTests":0,"numTodoTests":0,"snapshot":{"added":0,"failure":false,"filesAdded":0,"filesRemoved":0,"filesRemovedList":[],"filesUnmatched":0,"filesUpdated":0,"matched":0,"total":0,"unchecked":0,"uncheckedKeysByFile":[],"unmatched":0,"updated":0,"didUpdate":false},"startTime":1776599214239,"success":true,"testResults":[{"assertionResults":[{"ancestorTitles":["Pipeline E2E completion journey"],"fullName":"Pipeline E2E completion journey creates users, completes all 7 lesson types, and reaches 100% with anomaly persisted","status":"passed","title":"creates users, completes all 7 lesson types, and reaches 100% with anomaly persisted","duration":18495.751041,"failureMessages":[],"meta":{}}],"startTime":1776599228281,"endTime":1776599246776.751,"status":"passed","message":"","name":"/Users/meenakshi/Documents/git-vibe/vibe/backend/src/pipeline/tests/e2eCompletion.pipeline.test.ts"}]}